[debug] [2021-03-27T11:18:33.855Z] ----------------------------------------------------------------------
[debug] [2021-03-27T11:18:33.859Z] Command:       C:\Program Files\nodejs\node.exe C:\Users\AgusB\AppData\Roaming\npm\node_modules\firebase-tools\lib\bin\firebase.js init
[debug] [2021-03-27T11:18:33.859Z] CLI Version:   9.8.0
[debug] [2021-03-27T11:18:33.859Z] Platform:      win32
[debug] [2021-03-27T11:18:33.859Z] Node Version:  v12.18.4
[debug] [2021-03-27T11:18:33.861Z] Time:          Sat Mar 27 2021 08:18:33 GMT-0300 (GMT-03:00)
[debug] [2021-03-27T11:18:33.862Z] ----------------------------------------------------------------------
[debug] 
[debug] [2021-03-27T11:18:33.875Z] > command requires scopes: ["email","openid","https://www.googleapis.com/auth/cloudplatformprojects.readonly","https://www.googleapis.com/auth/firebase","https://www.googleapis.com/auth/cloud-platform"]
[debug] [2021-03-27T11:18:33.876Z] > authorizing via signed-in user
[info] 
     ######## #### ########  ######## ########     ###     ######  ########
     ##        ##  ##     ## ##       ##     ##  ##   ##  ##       ##
     ######    ##  ########  ######   ########  #########  ######  ######
     ##        ##  ##    ##  ##       ##     ## ##     ##       ## ##
     ##       #### ##     ## ######## ########  ##     ##  ######  ########

You're about to initialize a Firebase project in this directory:

  C:\Users\AgusB\OneDrive\Escritorio\UTN\Laboratorio_IV\01-Clases\02\myApp2021

[info] 
=== Project Setup
[info] 
[info] First, let's associate this project directory with a Firebase project.
[info] You can create multiple project aliases by running firebase use --add, 
[info] but for now we'll just set up a default project.
[info] 
[debug] [2021-03-27T11:19:47.019Z] > refreshing access token with scopes: []
[debug] [2021-03-27T11:19:47.020Z] >>> HTTP REQUEST POST https://www.googleapis.com/oauth2/v3/token  
 <request body omitted>
[debug] [2021-03-27T11:19:48.476Z] <<< HTTP RESPONSE 200 {"date":"Sat, 27 Mar 2021 11:19:49 GMT","cache-control":"no-cache, no-store, max-age=0, must-revalidate","pragma":"no-cache","expires":"Mon, 01 Jan 1990 00:00:00 GMT","content-type":"application/json; charset=utf-8","vary":"X-Origin, Referer, Origin,Accept-Encoding","server":"scaffolding on HTTPServer2","x-xss-protection":"0","x-frame-options":"SAMEORIGIN","x-content-type-options":"nosniff","alt-svc":"h3-29=\":443\"; ma=2592000,h3-T051=\":443\"; ma=2592000,h3-Q050=\":443\"; ma=2592000,h3-Q046=\":443\"; ma=2592000,h3-Q043=\":443\"; ma=2592000,quic=\":443\"; ma=2592000; v=\"46,43\"","accept-ranges":"none","transfer-encoding":"chunked"}
[debug] [2021-03-27T11:19:48.505Z] >>> [apiv2][query] GET https://firebase.googleapis.com/v1beta1/projects pageSize=100
[debug] [2021-03-27T11:19:50.042Z] <<< [apiv2][status] GET https://firebase.googleapis.com/v1beta1/projects 200
[debug] [2021-03-27T11:19:50.042Z] <<< [apiv2][body] GET https://firebase.googleapis.com/v1beta1/projects [omitted]
[info] i  Using project myapp2021-cace9 (MyApp2021) 
[info] 
=== Hosting Setup
[info] 
[info] Your public directory is the folder (relative to your project directory) that
[info] will contain Hosting assets to be uploaded with firebase deploy. If you
[info] have a build process for your assets, use your build's output directory.
[info] 
[info] +  Wrote public/404.html 
[debug] [2021-03-27T11:20:29.143Z] >>> [apiv2][query] GET https://www.gstatic.com/firebasejs/releases.json [none]
[debug] [2021-03-27T11:20:30.030Z] <<< [apiv2][status] GET https://www.gstatic.com/firebasejs/releases.json 200
[debug] [2021-03-27T11:20:30.030Z] <<< [apiv2][body] GET https://www.gstatic.com/firebasejs/releases.json {"current":{"version":"8.3.1","browserURL":"https://www.gstatic.com/firebasejs/8.3.1/firebase.js","packageURL":"https://www.gstatic.com/firebasejs/8.3.1/firebase.tgz"},"live":{"version":"8.3","browserURL":"https://www.gstatic.com/firebasejs/live/8.3/firebase.js","packageURL":"https://www.gstatic.com/firebasejs/live/8.3/firebase.tgz"},"components":{"analytics":"https://www.gstatic.com/firebasejs/8.3.1/firebase-analytics.js","app":"https://www.gstatic.com/firebasejs/8.3.1/firebase-app.js","auth":"https://www.gstatic.com/firebasejs/8.3.1/firebase-auth.js","database":"https://www.gstatic.com/firebasejs/8.3.1/firebase-database.js","firestore":"https://www.gstatic.com/firebasejs/8.3.1/firebase-firestore.js","functions":"https://www.gstatic.com/firebasejs/8.3.1/firebase-functions.js","installations":"https://www.gstatic.com/firebasejs/8.3.1/firebase-installations.js","messaging":"https://www.gstatic.com/firebasejs/8.3.1/firebase-messaging.js","storage":"https://www.gstatic.com/firebasejs/8.3.1/firebase-storage.js","performance":"https://www.gstatic.com/firebasejs/8.3.1/firebase-performance.js","remote-config":"https://www.gstatic.com/firebasejs/8.3.1/firebase-remote-config.js","firestore.memory":"https://www.gstatic.com/firebasejs/8.3.1/firebase-firestore.memory.js"}}
[info] +  Wrote public/index.html 
[info] 
[info] i  Detected a .git folder at C:\Users\AgusB\OneDrive\Escritorio\UTN\Laboratorio_IV\01-Clases\02\myApp2021 
[info] i  Authorizing with GitHub to upload your service account to a GitHub repository's secrets store. 
[info] 
[info] Visit this URL on this device to log in:
[info] https://github.com/login/oauth/authorize?client_id=89cf50f02ac6aaed3484&state=538417841&redirect_uri=http%3A%2F%2Flocalhost%3A9005&scope=read%3Auser%20repo%20public_repo
[info] 
[info] Waiting for authentication...
[debug] [2021-03-27T11:21:01.816Z] >>> HTTP REQUEST POST https://github.com/login/oauth/access_token  
 {"client_id":"89cf50f02ac6aaed3484","client_secret":"3330d14abc895d9a74d5f17cd7a00711fa2c5bf0","code":"e8f7b79c0391be5d9341","redirect_uri":"http://localhost:9005","state":"538417841"}
[debug] [2021-03-27T11:21:04.409Z] <<< HTTP RESPONSE 200 {"server":"GitHub.com","date":"Sat, 27 Mar 2021 11:21:04 GMT","content-type":"application/json; charset=utf-8","transfer-encoding":"chunked","vary":"X-PJAX, Accept-Encoding, Accept, X-Requested-With","etag":"W/\"9f32bae2a2b76473b9759484bb24bea0\"","cache-control":"max-age=0, private, must-revalidate","strict-transport-security":"max-age=31536000; includeSubdomains; preload","x-frame-options":"deny","x-content-type-options":"nosniff","x-xss-protection":"0","referrer-policy":"origin-when-cross-origin, strict-origin-when-cross-origin","expect-ct":"max-age=2592000, report-uri=\"https://api.github.com/_private/browser/errors\"","content-security-policy":"default-src 'none'; base-uri 'self'; block-all-mixed-content; connect-src 'self' uploads.github.com www.githubstatus.com collector.githubapp.com api.github.com github-cloud.s3.amazonaws.com github-production-repository-file-5c1aeb.s3.amazonaws.com github-production-upload-manifest-file-7fdce7.s3.amazonaws.com github-production-user-asset-6210df.s3.amazonaws.com cdn.optimizely.com logx.optimizely.com/v1/events wss://alive.github.com; font-src github.githubassets.com; form-action 'self' github.com gist.github.com; frame-ancestors 'none'; frame-src render.githubusercontent.com; img-src 'self' data: github.githubassets.com identicons.github.com collector.githubapp.com github-cloud.s3.amazonaws.com secured-user-images.githubusercontent.com/ *.githubusercontent.com; manifest-src 'self'; media-src 'none'; script-src github.githubassets.com; style-src 'unsafe-inline' github.githubassets.com; worker-src github.com/socket-worker-6832eced.js gist.github.com/socket-worker-6832eced.js","x-github-request-id":"D0A5:2F90:A7B93A:DA565A:605F151F"}
[debug] [2021-03-27T11:21:04.418Z] >>> [apiv2][query] GET https://api.github.com/user [none]
[debug] [2021-03-27T11:21:06.128Z] <<< [apiv2][status] GET https://api.github.com/user 200
[debug] [2021-03-27T11:21:06.128Z] <<< [apiv2][body] GET https://api.github.com/user {"login":"agusb98","id":61479841,"node_id":"MDQ6VXNlcjYxNDc5ODQx","avatar_url":"https://avatars.githubusercontent.com/u/61479841?v=4","gravatar_id":"","url":"https://api.github.com/users/agusb98","html_url":"https://github.com/agusb98","followers_url":"https://api.github.com/users/agusb98/followers","following_url":"https://api.github.com/users/agusb98/following{/other_user}","gists_url":"https://api.github.com/users/agusb98/gists{/gist_id}","starred_url":"https://api.github.com/users/agusb98/starred{/owner}{/repo}","subscriptions_url":"https://api.github.com/users/agusb98/subscriptions","organizations_url":"https://api.github.com/users/agusb98/orgs","repos_url":"https://api.github.com/users/agusb98/repos","events_url":"https://api.github.com/users/agusb98/events{/privacy}","received_events_url":"https://api.github.com/users/agusb98/received_events","type":"User","site_admin":false,"name":"Agustin Baez Nuñez","company":null,"blog":"agusszurdob@gmail.com","location":"CABA","email":null,"hireable":null,"bio":"Tecnicatura Superior en Programación. UTN","twitter_username":null,"public_repos":9,"public_gists":0,"followers":0,"following":1,"created_at":"2020-02-25T22:30:06Z","updated_at":"2021-03-27T11:21:02Z","private_gists":0,"total_private_repos":0,"owned_private_repos":0,"disk_usage":117881,"collaborators":0,"two_factor_authentication":false,"plan":{"name":"free","space":976562499,"collaborators":0,"private_repos":10000}}
[info] 
[info] +  Success! Logged into GitHub as agusb98 
[info] 
[debug] [2021-03-27T11:21:20.000Z] >>> [apiv2][query] GET https://api.github.com/repos//actions/secrets/public-key type=owner
[debug] [2021-03-27T11:21:25.954Z] <<< [apiv2][status] GET https://api.github.com/repos//actions/secrets/public-key 404
[debug] [2021-03-27T11:21:25.955Z] <<< [apiv2][body] GET https://api.github.com/repos//actions/secrets/public-key {"message":"Not Found","documentation_url":"https://docs.github.com/rest"}
